android/app/build/intermediates/manifest_merge_blame_file/debug/manifest-merger-blame-debug-report.txt
1<?xml version="1.0" encoding="utf-8"?>
2<manifest xmlns:android="http://schemas.android.com/apk/res/android"
3    package="com.cloudshopbd"
4    android:versionCode="1"
5    android:versionName="1.0" >
6
7    <uses-sdk
8        android:minSdkVersion="21"
9        android:targetSdkVersion="33" />
10
11    <uses-permission android:name="android.permission.SYSTEM_ALERT_WINDOW" />
11-->src/debug/AndroidManifest.xml:5:5-77
11-->src/debug/AndroidManifest.xml:5:22-75
12    <uses-permission android:name="android.permission.INTERNET" />
12-->src/main/AndroidManifest.xml:4:5-67
12-->src/main/AndroidManifest.xml:4:22-64
13    <uses-permission android:name="android.permission.ACCESS_WIFI_STATE" />
13-->[com.facebook.flipper:flipper:0.99.0] AndroidManifest.xml:16:5-76
13-->[com.facebook.flipper:flipper:0.99.0] AndroidManifest.xml:16:22-73
14    <uses-permission android:name="android.permission.ACCESS_NETWORK_STATE" />
14-->[:react-native-community_netinfo] AndroidManifest.xml:9:5-79
14-->[:react-native-community_netinfo] AndroidManifest.xml:9:22-76
15    <uses-permission android:name="android.permission.WAKE_LOCK" />
15-->[:react-native-firebase_auth] AndroidManifest.xml:10:5-68
15-->[:react-native-firebase_auth] AndroidManifest.xml:10:22-65
16    <uses-permission android:name="com.google.android.gms.permission.AD_ID" />
16-->[com.google.android.gms:play-services-measurement-api:21.3.0] AndroidManifest.xml:25:5-79
16-->[com.google.android.gms:play-services-measurement-api:21.3.0] AndroidManifest.xml:25:22-76
17    <uses-permission android:name="com.google.android.finsky.permission.BIND_GET_INSTALL_REFERRER_SERVICE" /> <!-- Permission will be merged into the manifest of the hosting app. -->
17-->[com.google.android.gms:play-services-measurement:21.3.0] AndroidManifest.xml:26:5-110
17-->[com.google.android.gms:play-services-measurement:21.3.0] AndroidManifest.xml:26:22-107
18    <!-- Is required to launch foreground extraction service for targetSdkVersion 28+. -->
19    <uses-permission android:name="android.permission.FOREGROUND_SERVICE" />
19-->[com.google.android.play:core:1.9.0] AndroidManifest.xml:8:3-74
19-->[com.google.android.play:core:1.9.0] AndroidManifest.xml:8:20-72
20
21    <application
21-->src/main/AndroidManifest.xml:6:5-25:19
22        android:name="com.cloudshopbd.MainApplication"
22-->src/main/AndroidManifest.xml:7:7-38
23        android:allowBackup="false"
23-->src/main/AndroidManifest.xml:11:7-34
24        android:appComponentFactory="androidx.core.app.CoreComponentFactory"
24-->[androidx.core:core:1.6.0] AndroidManifest.xml:24:18-86
25        android:debuggable="true"
26        android:icon="@mipmap/ic_launcher"
26-->src/main/AndroidManifest.xml:9:7-41
27        android:label="@string/app_name"
27-->src/main/AndroidManifest.xml:8:7-39
28        android:roundIcon="@mipmap/ic_launcher_round"
28-->src/main/AndroidManifest.xml:10:7-52
29        android:theme="@style/AppTheme"
29-->src/main/AndroidManifest.xml:12:7-38
30        android:usesCleartextTraffic="true" >
30-->src/debug/AndroidManifest.xml:8:9-44
31        <activity android:name="com.facebook.react.devsupport.DevSettingsActivity" />
31-->src/debug/AndroidManifest.xml:11:9-86
31-->src/debug/AndroidManifest.xml:11:19-83
32        <activity
32-->src/main/AndroidManifest.xml:13:7-24:18
33            android:name="com.cloudshopbd.MainActivity"
33-->src/main/AndroidManifest.xml:14:9-37
34            android:configChanges="keyboard|keyboardHidden|orientation|screenSize|uiMode"
34-->src/main/AndroidManifest.xml:16:9-86
35            android:exported="true"
35-->src/main/AndroidManifest.xml:18:9-32
36            android:label="@string/app_name"
36-->src/main/AndroidManifest.xml:15:9-41
37            android:launchMode="singleTask"
37-->src/main/AndroidManifest.xml:17:9-40
38            android:windowSoftInputMode="adjustResize" >
38-->src/main/AndroidManifest.xml:19:9-51
39            <intent-filter>
39-->src/main/AndroidManifest.xml:20:9-23:25
40                <action android:name="android.intent.action.MAIN" />
40-->src/main/AndroidManifest.xml:21:13-65
40-->src/main/AndroidManifest.xml:21:21-62
41
42                <category android:name="android.intent.category.LAUNCHER" />
42-->src/main/AndroidManifest.xml:22:13-73
42-->src/main/AndroidManifest.xml:22:23-70
43            </intent-filter>
44        </activity>
45
46        <meta-data
46-->[:react-native-firebase_app] AndroidManifest.xml:11:9-13:36
47            android:name="app_data_collection_default_enabled"
47-->[:react-native-firebase_app] AndroidManifest.xml:12:13-63
48            android:value="true" />
48-->[:react-native-firebase_app] AndroidManifest.xml:13:13-33
49
50        <service
50-->[:react-native-firebase_app] AndroidManifest.xml:15:9-23:19
51            android:name="com.google.firebase.components.ComponentDiscoveryService"
51-->[:react-native-firebase_app] AndroidManifest.xml:16:13-84
52            android:directBootAware="true"
52-->[:react-native-firebase_app] AndroidManifest.xml:17:13-43
53            android:exported="false" >
53-->[:react-native-firebase_app] AndroidManifest.xml:18:13-37
54            <meta-data
54-->[:react-native-firebase_app] AndroidManifest.xml:20:13-22:85
55                android:name="com.google.firebase.components:io.invertase.firebase.app.ReactNativeFirebaseAppRegistrar"
55-->[:react-native-firebase_app] AndroidManifest.xml:21:17-120
56                android:value="com.google.firebase.components.ComponentRegistrar" />
56-->[:react-native-firebase_app] AndroidManifest.xml:22:17-82
57            <meta-data
57-->[com.google.firebase:firebase-auth:22.1.2] AndroidManifest.xml:69:13-71:85
58                android:name="com.google.firebase.components:com.google.firebase.auth.FirebaseAuthRegistrar"
58-->[com.google.firebase:firebase-auth:22.1.2] AndroidManifest.xml:70:17-109
59                android:value="com.google.firebase.components.ComponentRegistrar" />
59-->[com.google.firebase:firebase-auth:22.1.2] AndroidManifest.xml:71:17-82
60            <meta-data
60-->[com.google.firebase:firebase-firestore:24.8.1] AndroidManifest.xml:17:13-19:85
61                android:name="com.google.firebase.components:com.google.firebase.firestore.FirestoreRegistrar"
61-->[com.google.firebase:firebase-firestore:24.8.1] AndroidManifest.xml:18:17-111
62                android:value="com.google.firebase.components.ComponentRegistrar" />
62-->[com.google.firebase:firebase-firestore:24.8.1] AndroidManifest.xml:19:17-82
63            <meta-data
63-->[com.google.android.gms:play-services-measurement-api:21.3.0] AndroidManifest.xml:31:13-33:85
64                android:name="com.google.firebase.components:com.google.firebase.analytics.connector.internal.AnalyticsConnectorRegistrar"
64-->[com.google.android.gms:play-services-measurement-api:21.3.0] AndroidManifest.xml:32:17-139
65                android:value="com.google.firebase.components.ComponentRegistrar" />
65-->[com.google.android.gms:play-services-measurement-api:21.3.0] AndroidManifest.xml:33:17-82
66            <meta-data
66-->[com.google.firebase:firebase-installations:17.1.4] AndroidManifest.xml:15:13-17:85
67                android:name="com.google.firebase.components:com.google.firebase.installations.FirebaseInstallationsRegistrar"
67-->[com.google.firebase:firebase-installations:17.1.4] AndroidManifest.xml:16:17-127
68                android:value="com.google.firebase.components.ComponentRegistrar" />
68-->[com.google.firebase:firebase-installations:17.1.4] AndroidManifest.xml:17:17-82
69        </service>
70
71        <provider
71-->[:react-native-firebase_app] AndroidManifest.xml:25:9-29:38
72            android:name="io.invertase.firebase.app.ReactNativeFirebaseAppInitProvider"
72-->[:react-native-firebase_app] AndroidManifest.xml:26:13-88
73            android:authorities="com.cloudshopbd.reactnativefirebaseappinitprovider"
73-->[:react-native-firebase_app] AndroidManifest.xml:27:13-86
74            android:exported="false"
74-->[:react-native-firebase_app] AndroidManifest.xml:28:13-37
75            android:initOrder="99" />
75-->[:react-native-firebase_app] AndroidManifest.xml:29:13-35
76        <provider
76-->[:react-native-share] AndroidManifest.xml:10:9-18:20
77            android:name="cl.json.RNShareFileProvider"
77-->[:react-native-share] AndroidManifest.xml:11:13-55
78            android:authorities="com.cloudshopbd.rnshare.fileprovider"
78-->[:react-native-share] AndroidManifest.xml:12:13-72
79            android:exported="false"
79-->[:react-native-share] AndroidManifest.xml:13:13-37
80            android:grantUriPermissions="true" >
80-->[:react-native-share] AndroidManifest.xml:14:13-47
81            <meta-data
81-->[:react-native-share] AndroidManifest.xml:15:13-17:64
82                android:name="android.support.FILE_PROVIDER_PATHS"
82-->[:react-native-share] AndroidManifest.xml:16:17-67
83                android:resource="@xml/share_download_paths" />
83-->[:react-native-share] AndroidManifest.xml:17:17-61
84        </provider>
85
86        <activity
86-->[com.google.firebase:firebase-auth:22.1.2] AndroidManifest.xml:29:9-46:20
87            android:name="com.google.firebase.auth.internal.GenericIdpActivity"
87-->[com.google.firebase:firebase-auth:22.1.2] AndroidManifest.xml:30:13-80
88            android:excludeFromRecents="true"
88-->[com.google.firebase:firebase-auth:22.1.2] AndroidManifest.xml:31:13-46
89            android:exported="true"
89-->[com.google.firebase:firebase-auth:22.1.2] AndroidManifest.xml:32:13-36
90            android:launchMode="singleTask"
90-->[com.google.firebase:firebase-auth:22.1.2] AndroidManifest.xml:33:13-44
91            android:theme="@android:style/Theme.Translucent.NoTitleBar" >
91-->[com.google.firebase:firebase-auth:22.1.2] AndroidManifest.xml:34:13-72
92            <intent-filter>
92-->[com.google.firebase:firebase-auth:22.1.2] AndroidManifest.xml:35:13-45:29
93                <action android:name="android.intent.action.VIEW" />
93-->[com.google.firebase:firebase-auth:22.1.2] AndroidManifest.xml:36:17-69
93-->[com.google.firebase:firebase-auth:22.1.2] AndroidManifest.xml:36:25-66
94
95                <category android:name="android.intent.category.DEFAULT" />
95-->[com.google.firebase:firebase-auth:22.1.2] AndroidManifest.xml:38:17-76
95-->[com.google.firebase:firebase-auth:22.1.2] AndroidManifest.xml:38:27-73
96                <category android:name="android.intent.category.BROWSABLE" />
96-->[com.google.firebase:firebase-auth:22.1.2] AndroidManifest.xml:39:17-78
96-->[com.google.firebase:firebase-auth:22.1.2] AndroidManifest.xml:39:27-75
97
98                <data
98-->[com.google.firebase:firebase-auth:22.1.2] AndroidManifest.xml:41:17-44:51
99                    android:host="firebase.auth"
99-->[com.google.firebase:firebase-auth:22.1.2] AndroidManifest.xml:42:21-49
100                    android:path="/"
100-->[com.google.firebase:firebase-auth:22.1.2] AndroidManifest.xml:43:21-37
101                    android:scheme="genericidp" />
101-->[com.google.firebase:firebase-auth:22.1.2] AndroidManifest.xml:44:21-48
102            </intent-filter>
103        </activity>
104        <activity
104-->[com.google.firebase:firebase-auth:22.1.2] AndroidManifest.xml:47:9-64:20
105            android:name="com.google.firebase.auth.internal.RecaptchaActivity"
105-->[com.google.firebase:firebase-auth:22.1.2] AndroidManifest.xml:48:13-79
106            android:excludeFromRecents="true"
106-->[com.google.firebase:firebase-auth:22.1.2] AndroidManifest.xml:49:13-46
107            android:exported="true"
107-->[com.google.firebase:firebase-auth:22.1.2] AndroidManifest.xml:50:13-36
108            android:launchMode="singleTask"
108-->[com.google.firebase:firebase-auth:22.1.2] AndroidManifest.xml:51:13-44
109            android:theme="@android:style/Theme.Translucent.NoTitleBar" >
109-->[com.google.firebase:firebase-auth:22.1.2] AndroidManifest.xml:52:13-72
110            <intent-filter>
110-->[com.google.firebase:firebase-auth:22.1.2] AndroidManifest.xml:53:13-63:29
111                <action android:name="android.intent.action.VIEW" />
111-->[com.google.firebase:firebase-auth:22.1.2] AndroidManifest.xml:36:17-69
111-->[com.google.firebase:firebase-auth:22.1.2] AndroidManifest.xml:36:25-66
112
113                <category android:name="android.intent.category.DEFAULT" />
113-->[com.google.firebase:firebase-auth:22.1.2] AndroidManifest.xml:38:17-76
113-->[com.google.firebase:firebase-auth:22.1.2] AndroidManifest.xml:38:27-73
114                <category android:name="android.intent.category.BROWSABLE" />
114-->[com.google.firebase:firebase-auth:22.1.2] AndroidManifest.xml:39:17-78
114-->[com.google.firebase:firebase-auth:22.1.2] AndroidManifest.xml:39:27-75
115
116                <data
116-->[com.google.firebase:firebase-auth:22.1.2] AndroidManifest.xml:41:17-44:51
117                    android:host="firebase.auth"
117-->[com.google.firebase:firebase-auth:22.1.2] AndroidManifest.xml:42:21-49
118                    android:path="/"
118-->[com.google.firebase:firebase-auth:22.1.2] AndroidManifest.xml:43:21-37
119                    android:scheme="recaptcha" />
119-->[com.google.firebase:firebase-auth:22.1.2] AndroidManifest.xml:44:21-48
120            </intent-filter>
121        </activity>
122
123        <provider
123-->[com.google.firebase:firebase-common:20.3.3] AndroidManifest.xml:25:9-30:39
124            android:name="com.google.firebase.provider.FirebaseInitProvider"
124-->[com.google.firebase:firebase-common:20.3.3] AndroidManifest.xml:26:13-77
125            android:authorities="com.cloudshopbd.firebaseinitprovider"
125-->[com.google.firebase:firebase-common:20.3.3] AndroidManifest.xml:27:13-72
126            android:directBootAware="true"
126-->[com.google.firebase:firebase-common:20.3.3] AndroidManifest.xml:28:13-43
127            android:exported="false"
127-->[com.google.firebase:firebase-common:20.3.3] AndroidManifest.xml:29:13-37
128            android:initOrder="100" />
128-->[com.google.firebase:firebase-common:20.3.3] AndroidManifest.xml:30:13-36
129
130        <meta-data
130-->[com.github.bumptech.glide:okhttp3-integration:4.12.0] AndroidManifest.xml:11:9-13:43
131            android:name="com.bumptech.glide.integration.okhttp3.OkHttpGlideModule"
131-->[com.github.bumptech.glide:okhttp3-integration:4.12.0] AndroidManifest.xml:12:13-84
132            android:value="GlideModule" />
132-->[com.github.bumptech.glide:okhttp3-integration:4.12.0] AndroidManifest.xml:13:13-40
133
134        <activity
134-->[com.google.android.gms:play-services-auth:20.3.0] AndroidManifest.xml:23:9-27:75
135            android:name="com.google.android.gms.auth.api.signin.internal.SignInHubActivity"
135-->[com.google.android.gms:play-services-auth:20.3.0] AndroidManifest.xml:24:13-93
136            android:excludeFromRecents="true"
136-->[com.google.android.gms:play-services-auth:20.3.0] AndroidManifest.xml:25:13-46
137            android:exported="false"
137-->[com.google.android.gms:play-services-auth:20.3.0] AndroidManifest.xml:26:13-37
138            android:theme="@android:style/Theme.Translucent.NoTitleBar" />
138-->[com.google.android.gms:play-services-auth:20.3.0] AndroidManifest.xml:27:13-72
139        <!--
140            Service handling Google Sign-In user revocation. For apps that do not integrate with
141            Google Sign-In, this service will never be started.
142        -->
143        <service
143-->[com.google.android.gms:play-services-auth:20.3.0] AndroidManifest.xml:33:9-37:51
144            android:name="com.google.android.gms.auth.api.signin.RevocationBoundService"
144-->[com.google.android.gms:play-services-auth:20.3.0] AndroidManifest.xml:34:13-89
145            android:exported="true"
145-->[com.google.android.gms:play-services-auth:20.3.0] AndroidManifest.xml:35:13-36
146            android:permission="com.google.android.gms.auth.api.signin.permission.REVOCATION_NOTIFICATION"
146-->[com.google.android.gms:play-services-auth:20.3.0] AndroidManifest.xml:36:13-107
147            android:visibleToInstantApps="true" />
147-->[com.google.android.gms:play-services-auth:20.3.0] AndroidManifest.xml:37:13-48
148
149        <activity
149-->[com.google.android.gms:play-services-base:18.0.1] AndroidManifest.xml:20:9-22:45
150            android:name="com.google.android.gms.common.api.GoogleApiActivity"
150-->[com.google.android.gms:play-services-base:18.0.1] AndroidManifest.xml:20:19-85
151            android:exported="false"
151-->[com.google.android.gms:play-services-base:18.0.1] AndroidManifest.xml:22:19-43
152            android:theme="@android:style/Theme.Translucent.NoTitleBar" />
152-->[com.google.android.gms:play-services-base:18.0.1] AndroidManifest.xml:21:19-78
153
154        <receiver
154-->[com.google.android.gms:play-services-measurement:21.3.0] AndroidManifest.xml:29:9-33:20
155            android:name="com.google.android.gms.measurement.AppMeasurementReceiver"
155-->[com.google.android.gms:play-services-measurement:21.3.0] AndroidManifest.xml:30:13-85
156            android:enabled="true"
156-->[com.google.android.gms:play-services-measurement:21.3.0] AndroidManifest.xml:31:13-35
157            android:exported="false" >
157-->[com.google.android.gms:play-services-measurement:21.3.0] AndroidManifest.xml:32:13-37
158        </receiver>
159
160        <service
160-->[com.google.android.gms:play-services-measurement:21.3.0] AndroidManifest.xml:35:9-38:40
161            android:name="com.google.android.gms.measurement.AppMeasurementService"
161-->[com.google.android.gms:play-services-measurement:21.3.0] AndroidManifest.xml:36:13-84
162            android:enabled="true"
162-->[com.google.android.gms:play-services-measurement:21.3.0] AndroidManifest.xml:37:13-35
163            android:exported="false" />
163-->[com.google.android.gms:play-services-measurement:21.3.0] AndroidManifest.xml:38:13-37
164        <service
164-->[com.google.android.gms:play-services-measurement:21.3.0] AndroidManifest.xml:39:9-43:72
165            android:name="com.google.android.gms.measurement.AppMeasurementJobService"
165-->[com.google.android.gms:play-services-measurement:21.3.0] AndroidManifest.xml:40:13-87
166            android:enabled="true"
166-->[com.google.android.gms:play-services-measurement:21.3.0] AndroidManifest.xml:41:13-35
167            android:exported="false"
167-->[com.google.android.gms:play-services-measurement:21.3.0] AndroidManifest.xml:42:13-37
168            android:permission="android.permission.BIND_JOB_SERVICE" />
168-->[com.google.android.gms:play-services-measurement:21.3.0] AndroidManifest.xml:43:13-69
169
170        <meta-data
170-->[com.google.android.gms:play-services-basement:18.1.0] AndroidManifest.xml:21:9-23:69
171            android:name="com.google.android.gms.version"
171-->[com.google.android.gms:play-services-basement:18.1.0] AndroidManifest.xml:22:13-58
172            android:value="@integer/google_play_services_version" /> <!-- The activities will be merged into the manifest of the hosting app. -->
172-->[com.google.android.gms:play-services-basement:18.1.0] AndroidManifest.xml:23:13-66
173        <activity
173-->[com.google.android.play:core:1.9.0] AndroidManifest.xml:12:5-271
174            android:name="com.google.android.play.core.missingsplits.PlayCoreMissingSplitsActivity"
174-->[com.google.android.play:core:1.9.0] AndroidManifest.xml:12:15-102
175            android:enabled="false"
175-->[com.google.android.play:core:1.9.0] AndroidManifest.xml:12:103-126
176            android:exported="false"
176-->[com.google.android.play:core:1.9.0] AndroidManifest.xml:12:127-151
177            android:launchMode="singleInstance"
177-->[com.google.android.play:core:1.9.0] AndroidManifest.xml:12:204-239
178            android:process=":playcore_missing_splits_activity"
178-->[com.google.android.play:core:1.9.0] AndroidManifest.xml:12:152-203
179            android:stateNotNeeded="true" />
179-->[com.google.android.play:core:1.9.0] AndroidManifest.xml:12:240-269
180        <activity
180-->[com.google.android.play:core:1.9.0] AndroidManifest.xml:13:5-226
181            android:name="com.google.android.play.core.common.PlayCoreDialogWrapperActivity"
181-->[com.google.android.play:core:1.9.0] AndroidManifest.xml:13:15-95
182            android:enabled="false"
182-->[com.google.android.play:core:1.9.0] AndroidManifest.xml:13:96-119
183            android:exported="false"
183-->[com.google.android.play:core:1.9.0] AndroidManifest.xml:13:120-144
184            android:stateNotNeeded="true"
184-->[com.google.android.play:core:1.9.0] AndroidManifest.xml:13:145-174
185            android:theme="@style/Theme.PlayCore.Transparent" /> <!-- The service will be merged into the manifest of the hosting app. -->
185-->[com.google.android.play:core:1.9.0] AndroidManifest.xml:13:175-224
186        <service
186-->[com.google.android.play:core:1.9.0] AndroidManifest.xml:16:5-145
187            android:name="com.google.android.play.core.assetpacks.AssetPackExtractionService"
187-->[com.google.android.play:core:1.9.0] AndroidManifest.xml:16:14-95
188            android:enabled="false"
188-->[com.google.android.play:core:1.9.0] AndroidManifest.xml:16:96-119
189            android:exported="true" />
189-->[com.google.android.play:core:1.9.0] AndroidManifest.xml:16:120-143
190    </application>
191
192</manifest>